total 764
-rw-r--r-- 1 legioner legioner   2827 Dec 19 19:07 10.1.pl
-rw-r--r-- 1 legioner legioner   2723 Dec 13 16:16 10.2.pl
-rw-r--r-- 1 legioner legioner   3566 Dec 13 18:25 10.3.pl
-rw-r--r-- 1 legioner legioner   2683 Dec 16 17:06 11.1.pl
-rw-r--r-- 1 legioner legioner   2405 Dec 19 16:55 11.2.pl
-rw-r--r-- 1 legioner legioner   5258 Dec 19 17:04 12.1.pl
-rw-r--r-- 1 legioner legioner   4629 Dec 19 19:20 12.2.pl
-rw-r--r-- 1 legioner legioner   2574 Dec 20 12:19 12.3.pl
-rw-r--r-- 1 legioner legioner   4420 Dec 22 16:38 13.1.pl
-rw-r--r-- 1 legioner legioner   3407 Dec 23 11:13 13.2.pl
-rw-r--r-- 1 legioner legioner   3594 Dec 23 12:17 13.3.pl
-rw-r--r-- 1 legioner legioner   3219 Dec 23 14:27 13.4.pl
-rw-r--r-- 1 legioner legioner   6122 Dec 23 23:09 13.5.pl
-rw-r--r-- 1 legioner legioner   3801 Dec 27 12:14 13.6.pl
-rw-r--r-- 1 legioner legioner   5615 Dec 27 15:27 13.7.pl
-rw-r--r-- 1 legioner legioner   2803 Dec 27 15:08 13.7_test.pl
-rw-r--r-- 1 legioner legioner   2574 Dec 28 11:49 13.8.pl
-rw-r--r-- 1 legioner legioner    673 Dec 20 11:45 1.3.pl
-rw-r--r-- 1 legioner legioner   3585 Dec 29 19:57 14.1.pl
-rw-r--r-- 1 legioner legioner   3372 Dec 30 13:17 14.2.pl
-rw-r--r-- 1 legioner legioner   5690 Dec 30 16:50 14.3.1.pl
-rw-r--r-- 1 legioner legioner   6327 Dec 30 16:40 14.3.pl
-rw-r--r-- 1 legioner legioner   5098 Jan  4 19:13 15.1.pl
-rw-r--r-- 1 legioner legioner   2518 Jan  5 12:50 15.2.pl
-rw-r--r-- 1 legioner legioner   3801 Jan  5 18:28 15.3.pl
-rw-r--r-- 1 legioner legioner   8049 Jan  5 18:50 15.4.pl
-rw-r--r-- 1 legioner legioner   5276 Jan  6 13:26 15.5.pl
-rw-r--r-- 1 legioner legioner   2127 Jan 12 16:02 16.1.pl
-rw-r--r-- 1 legioner legioner   3105 Jan 13 12:02 16.2.pl
-rw-r--r-- 1 legioner legioner    414 Dec 20 11:45 2minus.pl
-rw-r--r-- 1 legioner legioner    823 Jan  3 17:03 4.1_max.pl
-rw-r--r-- 1 legioner legioner   1496 Dec 20 11:45 4.1_total.pl
-rw-r--r-- 1 legioner legioner   1462 Dec 20 11:45 4.2_total.pl
-rw-r--r-- 1 legioner legioner   2541 Dec 20 11:45 4.3_total.pl
-rw-r--r-- 1 legioner legioner   2649 Dec 20 11:45 4.4_total.pl
-rw-r--r-- 1 legioner legioner   1331 Dec 20 11:46 4.5_total.pl
-rw-r--r-- 1 legioner legioner   1170 Dec 20 11:46 5.1_ARGV_reverse.pl
-rw-r--r-- 1 legioner legioner    869 Dec 20 11:46 5.1_pipeline.pl
-rw-r--r-- 1 legioner legioner   1413 Dec 20 11:46 5.1.pl
-rw-r--r-- 1 legioner legioner   4460 Dec 20 11:46 5.2.pl
-rw-r--r-- 1 legioner legioner   5843 Dec 20 11:46 5.3.pl
-rw-r--r-- 1 legioner legioner   3986 Dec 20 11:46 6.1.pl
-rw-r--r-- 1 legioner legioner   7043 Dec 20 11:46 6.2.pl
-rw-r--r-- 1 legioner legioner   2653 Dec 20 11:46 6.3.pl
-rw-r--r-- 1 legioner legioner   3179 Dec 20 11:46 7.1.pl
-rw-r--r-- 1 legioner legioner   2587 Dec 20 11:47 7.2.pl
-rw-r--r-- 1 legioner legioner   2575 Dec 20 11:47 7.3.pl
-rw-r--r-- 1 legioner legioner   2283 Dec 20 11:47 7.4.pl
-rw-r--r-- 1 legioner legioner   2457 Dec 20 11:47 7.5.pl
-rw-r--r-- 1 legioner legioner   2298 Dec 20 11:42 7.6_archive.pl
-rw-r--r-- 1 legioner legioner   3858 Dec 20 11:41 7.6.pl
-rwxr-xr-x 1 legioner legioner   1606 Dec 20 11:47 8.1_for_debug.pl
lrwxrwxrwx 1 legioner legioner     16 Dec 19 16:26 8.1_for_debug.pl_LINK -> 8.1_for_debug.pl
-rw-r--r-- 1 legioner legioner   1805 Dec 20 11:42 8.1.pl
-rw-r--r-- 1 legioner legioner   2497 Dec 20 11:48 8.2.pl
-rw-r--r-- 1 legioner legioner   2568 Dec 20 11:48 8.3.pl
-rw-r--r-- 1 legioner legioner   2102 Dec 20 11:48 8.4.pl
-rw-r--r-- 1 legioner legioner   3098 Dec 20 11:49 8.5.pl
-rw-r--r-- 1 legioner legioner   5367 Dec 20 11:49 8.6_as_a_keepsake.pl
-rw-r--r-- 1 legioner legioner   4396 Dec  2 22:54 8.6.pl
-rw-r--r-- 1 legioner legioner   2412 Dec  8 21:02 9.1.pl
-rw-r--r-- 1 legioner legioner   2434 Dec  9 12:54 9.2.pl
-rw-r--r-- 1 legioner legioner   2157 Dec  9 14:16 9.3.pl
-rw-r--r-- 1 legioner legioner   2016 Dec  9 15:29 9.4.pl
-rw-r--r-- 1 legioner legioner   2912 Dec  9 19:39 9.5.01.pl
-rw-r--r-- 1 legioner legioner   2955 Dec 13 13:05 9.5.pl
-rw-r--r-- 1 legioner legioner    154 Jan  9 16:35 bedrock.c
-rw-r--r-- 1 legioner sudo          0 Dec 22 16:02 blob
-rw-r--r-- 1 legioner legioner  25327 Dec 13 12:51 chapter10_examples.pl
-rw-r--r-- 1 legioner legioner   7235 Dec 15 20:40 chapter11_examples.pl
-rw-r--r-- 1 legioner legioner  19769 Dec 18 19:53 chapter12_examples.pl
-rw-r--r-- 1 legioner legioner  20607 Dec 22 12:51 chapter13_examples.pl
-rw-r--r-- 1 legioner legioner  13987 Dec 29 16:25 chapter14_examples.pl
-rw-r--r-- 1 legioner legioner  18968 Jan  4 17:18 chapter15_examples.pl
-rw-r--r-- 1 legioner legioner  12300 Jan 12 15:17 chapter16_after_exec_examples.pl
-rw-r--r-- 1 legioner legioner   6725 Jan 10 10:56 chapter16_examples.pl
-r--r--r-- 1 legioner legioner 120453 Jan  9 18:56 _Deparsed_XSubs.pm
drwxr-xr-x 1 legioner legioner   4096 Dec 22 12:59 dir_for_13_chapter
drwxr-xr-x 1 legioner legioner   4096 Dec 19 19:10 empty_for_test
-rw-r--r-- 1 legioner legioner  53761 Dec 21 16:02 error.txt
drwxr-xr-x 1 legioner legioner   4096 Nov 29 22:55 examples
lrwxrwxrwx 1 legioner legioner      8 Dec 21 13:04 examples_Soft_Link -> examples
drwxr-xr-x 1 legioner legioner   4096 Nov 30 20:22 exercises_from_perl_debugger_reference
-rw-r--r-- 1 legioner legioner     71 Dec 21 16:02 first.txt
-rw-r--r-- 1 legioner legioner      0 Dec 21 16:02 fix.txt
drwxr-xr-x 1 legioner legioner   4096 Dec 21 15:38 fred
-rw-r--r-- 1 legioner legioner    314 Dec 20 11:50 HelloWorld.pl
-rw-r--r-- 1 legioner legioner  10342 Nov 30 00:05 idea_settings.zip
-rw-r--r-- 1 legioner legioner   1734 Dec 11 16:21 IDEA_WINDOWS_settings.zip
-rw-r--r-- 1 legioner legioner    329 Dec 20 11:50 logfile
-rw-r--r-- 1 legioner legioner     53 Jan 13 12:18 ls.err
-rw-r--r-- 1 legioner legioner      0 Jan 13 12:18 ls.out
-rw-r--r-- 1 legioner legioner    414 Dec 20 11:50 odnostrochnik.pl
-rw-r--r-- 1 legioner legioner    394 Dec 20 11:51 odnostrochnikUndef.pl
-rw-r--r-- 1 legioner legioner  12512 Dec 20 11:51 OTHER.pl
-rw-r--r-- 1 legioner legioner     40 Dec 21 16:02 output.txt
-rw-r--r-- 1 legioner legioner    407 Dec 27 12:04 out.txt
-rw-r--r-- 1 legioner legioner    358 Dec 21 16:02 out.txt_Hard_Link
lrwxrwxrwx 1 legioner legioner      7 Dec 21 13:04 out.txt_Soft_Link -> out.txt
-rw-r--r-- 1 legioner legioner    383 Dec 20 11:51 pi.pl
-rw-r--r-- 1 legioner legioner    875 Dec 20 11:51 prime.pl
-rw-r--r-- 1 legioner legioner     33 Jan 11 13:05 read_from_file
-rw-r--r-- 1 legioner legioner    230 Jan  6 13:35 README.md
-rw-r--r-- 1 legioner legioner      0 Dec 23 12:47 remove_this
-rw-r--r-- 1 legioner legioner   1066 Dec 20 11:51 ringLeght.pl
-rw-r--r-- 1 legioner legioner   6483 Dec  9 16:35 sample_text
-rw-r--r-- 1 legioner legioner   6442 Dec  9 13:16 sample_text_ORIGINAL_dont_use_it_only_copy_from
-rw-r--r-- 1 legioner legioner   6445 Dec  9 19:12 sample_text.out
-rw-r--r-- 1 legioner legioner   6482 Dec  9 16:33 sample_text_with_COPYRIGHT
-rw-r--r-- 1 legioner legioner     72 Dec 21 16:02 second.txt
-rw-r--r-- 1 legioner legioner    110 Dec 21 16:02 second.txt.out9.5.txt
-rwxr-xr-x 1 legioner legioner   1020 Dec 20 14:06 show_args
---------- 1 legioner legioner      0 Dec 19 15:38 some_file
-rw-r--r-- 1 legioner legioner  12288 Jan  6 16:04 sqlite.db
-rw-r--r-- 1 legioner legioner   1566 Dec 20 11:52 stepik_3.2.pl
-rw-r--r-- 1 legioner legioner   1329 Dec 20 11:52 stringAndNumber.pl
-rw-r--r-- 1 legioner legioner    521 Dec 20 11:52 test2.1_1.pl
-rw-r--r-- 1 legioner legioner    781 Dec 20 11:52 test2.1_2.pl
-rw-r--r-- 1 legioner legioner      0 Dec 21 16:02 test_git.txt
-rw-r--r-- 1 legioner legioner    910 Jan  6 16:03 test_sqlite_db.pl
-rw-r--r-- 1 legioner legioner     74 Dec 21 16:02 third.txt
-rw-r--r-- 1 legioner legioner    880 Dec 20 11:52 twoNumbers.pl
-rw-r--r-- 1 root     root          0 Dec 20 12:01 twoNumbers_SUDO.pl
